<?xml version="1.0" encoding="UTF-8"?>
<!-- Generated by org.testng.reporters.JUnitReportReporter -->
<testsuite hostname="LAPTOP-N81R9HMV" failures="0" tests="1" name="testPractise.DemoB" time="0.005" errors="0" timestamp="2022-07-23T17:18:16 IST" skipped="0">
  <testcase classname="testPractise.DemoB" name="demoB3" time="0.005"/>
  <system-out/>
</testsuite> <!-- testPractise.DemoB -->
