<?xml version="1.0" encoding="UTF-8"?>
<!-- Generated by org.testng.reporters.JUnitReportReporter -->
<testsuite hostname="LAPTOP-N81R9HMV" failures="0" tests="1" name="BaseUtils.BaseTest" time="12.800" errors="0" timestamp="2022-07-24T16:13:37 IST" skipped="0">
  <testcase classname="BaseUtils.BaseTest" name="testActitime" time="12.800"/>
  <system-out/>
</testsuite> <!-- BaseUtils.BaseTest -->
